21:28:14.331 [main] INFO  com.intuit.karate.Runner - using system property 'karate.options': --tags @regresion
21:28:14.401 [main] INFO  com.intuit.karate.Runner - using system property 'karate.env': cert
21:28:14.470 [main] DEBUG com.intuit.karate.Suite - [config] classpath:karate-config.js
21:28:15.320 [main] INFO  com.intuit.karate - karate.env system property was: cert 
21:28:15.610 [main] DEBUG com.intuit.karate - request:
1 > POST https://todo.ly/api/projects.json
1 > Authorization: Basic bGVvbmFyZDRAam1ldGVyLmNvbToxMjM0NTY=
1 > Content-Type: application/json; charset=UTF-8
1 > Content-Length: 51
1 > Host: todo.ly
1 > Connection: Keep-Alive
1 > User-Agent: Apache-HttpClient/4.5.14 (Java/17.0.12)
1 > Accept-Encoding: gzip,deflate
{"Content":"Proyecto Karate Automatizado","Icon":4}

21:28:16.566 [main] DEBUG com.intuit.karate - response time in milliseconds: 952
1 < 200
1 < Cache-Control: no-cache, no-store, must-revalidate
1 < Pragma: no-cache
1 < Content-Type: application/json; charset=utf-8
1 < Expires: -1
1 < Server: Microsoft-IIS/8.0
1 < Set-Cookie: ASP.NET_SessionId=lma2cgaylydlcofq0ynryujz; path=/; HttpOnly; SameSite=Lax
1 < X-AspNetMvc-Version: 2.0
1 < X-AspNet-Version: 4.0.30319
1 < X-Powered-By: ASP.NET
1 < Date: Wed, 15 Oct 2025 02:26:22 GMT
1 < Content-Length: 418
{"Id":4479886,"Content":"Proyecto Karate Automatizado","ItemsCount":0,"Icon":4,"ItemType":2,"ParentId":null,"Collapsed":false,"ItemOrder":290,"Children":[],"IsProjectShared":false,"ProjectShareOwnerName":null,"ProjectShareOwnerEmail":null,"IsShareApproved":false,"IsOwnProject":true,"LastSyncedDateTime":"\/Date(1760495182171)\/","LastUpdatedDate":"\/Date(1760495182170)\/","Deleted":false,"SyncClientCreationId":null}

21:28:16.582 [main] INFO  com.intuit.karate - [print] 4479886 
21:28:16.593 [main] INFO  com.intuit.karate - karate.env system property was: cert 
21:28:16.599 [main] INFO  c.intuit.karate.core.FeatureRuntime - classpath:todoLy/testTodoLy.feature - call by tag at line 8: CREAR-PROYECTO
21:28:16.605 [main] DEBUG com.intuit.karate - request:
1 > POST https://todo.ly/api/projects.json
1 > Authorization: Basic bGVvbmFyZDRAam1ldGVyLmNvbToxMjM0NTY=
1 > Content-Type: application/json; charset=UTF-8
1 > Content-Length: 51
1 > Host: todo.ly
1 > Connection: Keep-Alive
1 > User-Agent: Apache-HttpClient/4.5.14 (Java/17.0.12)
1 > Accept-Encoding: gzip,deflate
{"Content":"Proyecto Karate Automatizado","Icon":4}

21:28:17.147 [main] DEBUG com.intuit.karate - response time in milliseconds: 541
1 < 200
1 < Cache-Control: no-cache, no-store, must-revalidate
1 < Pragma: no-cache
1 < Content-Type: application/json; charset=utf-8
1 < Expires: -1
1 < Server: Microsoft-IIS/8.0
1 < Set-Cookie: ASP.NET_SessionId=rwj3v1ayato3ff2wiy20fj2a; path=/; HttpOnly; SameSite=Lax
1 < X-AspNetMvc-Version: 2.0
1 < X-AspNet-Version: 4.0.30319
1 < X-Powered-By: ASP.NET
1 < Date: Wed, 15 Oct 2025 02:26:22 GMT
1 < Content-Length: 418
{"Id":4479887,"Content":"Proyecto Karate Automatizado","ItemsCount":0,"Icon":4,"ItemType":2,"ParentId":null,"Collapsed":false,"ItemOrder":291,"Children":[],"IsProjectShared":false,"ProjectShareOwnerName":null,"ProjectShareOwnerEmail":null,"IsShareApproved":false,"IsOwnProject":true,"LastSyncedDateTime":"\/Date(1760495182764)\/","LastUpdatedDate":"\/Date(1760495182763)\/","Deleted":false,"SyncClientCreationId":null}

21:28:17.150 [main] INFO  com.intuit.karate - [print] 4479887 
21:28:17.166 [main] DEBUG com.intuit.karate - request:
1 > GET https://todo.ly/api/projects/4479887.json
1 > Authorization: Basic bGVvbmFyZDRAam1ldGVyLmNvbToxMjM0NTY=
1 > Host: todo.ly
1 > Connection: Keep-Alive
1 > User-Agent: Apache-HttpClient/4.5.14 (Java/17.0.12)
1 > Accept-Encoding: gzip,deflate


21:28:17.794 [main] DEBUG com.intuit.karate - response time in milliseconds: 628
1 < 200
1 < Cache-Control: no-cache, no-store, must-revalidate
1 < Pragma: no-cache
1 < Content-Type: application/json; charset=utf-8
1 < Expires: -1
1 < Server: Microsoft-IIS/8.0
1 < Set-Cookie: ASP.NET_SessionId=1wgbt4crwbtqg2bljnzwxhg2; path=/; HttpOnly; SameSite=Lax
1 < X-AspNetMvc-Version: 2.0
1 < X-AspNet-Version: 4.0.30319
1 < X-Powered-By: ASP.NET
1 < Date: Wed, 15 Oct 2025 02:26:23 GMT
1 < Content-Length: 418
{"Id":4479887,"Content":"Proyecto Karate Automatizado","ItemsCount":0,"Icon":4,"ItemType":2,"ParentId":null,"Collapsed":false,"ItemOrder":291,"Children":[],"IsProjectShared":false,"ProjectShareOwnerName":null,"ProjectShareOwnerEmail":null,"IsShareApproved":false,"IsOwnProject":true,"LastSyncedDateTime":"\/Date(1760495183403)\/","LastUpdatedDate":"\/Date(1760495182763)\/","Deleted":false,"SyncClientCreationId":null}

