21:17:40.161 [main] INFO  com.intuit.karate.Runner - using system property 'karate.options': --tags @regresion
21:17:40.246 [main] INFO  com.intuit.karate.Runner - using system property 'karate.env': cert
21:17:40.331 [main] DEBUG com.intuit.karate.Suite - [config] classpath:karate-config.js
21:17:41.273 [main] INFO  com.intuit.karate - karate.env system property was: cert 
21:17:41.540 [main] DEBUG com.intuit.karate - request:
1 > POST https://todo.ly/api/projects.json
1 > Authorization: Basic bGVvbmFyZDRAam1ldGVyLmNvbToxMjM0NTY=
1 > Content-Type: application/json; charset=UTF-8
1 > Content-Length: 51
1 > Host: todo.ly
1 > Connection: Keep-Alive
1 > User-Agent: Apache-HttpClient/4.5.14 (Java/17.0.12)
1 > Accept-Encoding: gzip,deflate
{"Content":"Proyecto Karate Automatizado","Icon":4}

21:17:42.900 [main] DEBUG com.intuit.karate - response time in milliseconds: 1353
1 < 200
1 < Cache-Control: no-cache, no-store, must-revalidate
1 < Pragma: no-cache
1 < Content-Type: application/json; charset=utf-8
1 < Expires: -1
1 < Server: Microsoft-IIS/8.0
1 < Set-Cookie: ASP.NET_SessionId=toia02lpdywywmnf4omspqqs; path=/; HttpOnly; SameSite=Lax
1 < X-AspNetMvc-Version: 2.0
1 < X-AspNet-Version: 4.0.30319
1 < X-Powered-By: ASP.NET
1 < Date: Wed, 15 Oct 2025 02:15:48 GMT
1 < Content-Length: 418
{"Id":4479884,"Content":"Proyecto Karate Automatizado","ItemsCount":0,"Icon":4,"ItemType":2,"ParentId":null,"Collapsed":false,"ItemOrder":288,"Children":[],"IsProjectShared":false,"ProjectShareOwnerName":null,"ProjectShareOwnerEmail":null,"IsShareApproved":false,"IsOwnProject":true,"LastSyncedDateTime":"\/Date(1760494548479)\/","LastUpdatedDate":"\/Date(1760494548480)\/","Deleted":false,"SyncClientCreationId":null}

21:17:42.916 [main] INFO  com.intuit.karate - [print] 4479884 
21:17:42.928 [main] INFO  com.intuit.karate - karate.env system property was: cert 
21:17:42.940 [main] INFO  c.intuit.karate.core.FeatureRuntime - classpath:todoLy/testTodoLy.feature - call by tag at line 8: CREAR-PROYECTO
21:17:42.945 [main] DEBUG com.intuit.karate - request:
1 > POST https://todo.ly/api/projects.json
1 > Authorization: Basic bGVvbmFyZDRAam1ldGVyLmNvbToxMjM0NTY=
1 > Content-Type: application/json; charset=UTF-8
1 > Content-Length: 51
1 > Host: todo.ly
1 > Connection: Keep-Alive
1 > User-Agent: Apache-HttpClient/4.5.14 (Java/17.0.12)
1 > Accept-Encoding: gzip,deflate
{"Content":"Proyecto Karate Automatizado","Icon":4}

21:17:43.556 [main] DEBUG com.intuit.karate - response time in milliseconds: 609
1 < 200
1 < Cache-Control: no-cache, no-store, must-revalidate
1 < Pragma: no-cache
1 < Content-Type: application/json; charset=utf-8
1 < Expires: -1
1 < Server: Microsoft-IIS/8.0
1 < Set-Cookie: ASP.NET_SessionId=0y4paviyinj2hvofqungdesm; path=/; HttpOnly; SameSite=Lax
1 < X-AspNetMvc-Version: 2.0
1 < X-AspNet-Version: 4.0.30319
1 < X-Powered-By: ASP.NET
1 < Date: Wed, 15 Oct 2025 02:15:48 GMT
1 < Content-Length: 418
{"Id":4479885,"Content":"Proyecto Karate Automatizado","ItemsCount":0,"Icon":4,"ItemType":2,"ParentId":null,"Collapsed":false,"ItemOrder":289,"Children":[],"IsProjectShared":false,"ProjectShareOwnerName":null,"ProjectShareOwnerEmail":null,"IsShareApproved":false,"IsOwnProject":true,"LastSyncedDateTime":"\/Date(1760494549150)\/","LastUpdatedDate":"\/Date(1760494549150)\/","Deleted":false,"SyncClientCreationId":null}

21:17:43.562 [main] INFO  com.intuit.karate - [print] 4479885 
21:17:43.572 [main] DEBUG com.intuit.karate - request:
1 > GET https://todo.ly/api/projects/4479885.json
1 > Authorization: Basic bGVvbmFyZDRAam1ldGVyLmNvbToxMjM0NTY=
1 > Host: todo.ly
1 > Connection: Keep-Alive
1 > User-Agent: Apache-HttpClient/4.5.14 (Java/17.0.12)
1 > Accept-Encoding: gzip,deflate


21:17:44.195 [main] DEBUG com.intuit.karate - response time in milliseconds: 622
1 < 200
1 < Cache-Control: no-cache, no-store, must-revalidate
1 < Pragma: no-cache
1 < Content-Type: application/json; charset=utf-8
1 < Expires: -1
1 < Server: Microsoft-IIS/8.0
1 < Set-Cookie: ASP.NET_SessionId=y0ryz0lqry1tz2xlyk2xuas4; path=/; HttpOnly; SameSite=Lax
1 < X-AspNetMvc-Version: 2.0
1 < X-AspNet-Version: 4.0.30319
1 < X-Powered-By: ASP.NET
1 < Date: Wed, 15 Oct 2025 02:15:49 GMT
1 < Content-Length: 418
{"Id":4479885,"Content":"Proyecto Karate Automatizado","ItemsCount":0,"Icon":4,"ItemType":2,"ParentId":null,"Collapsed":false,"ItemOrder":289,"Children":[],"IsProjectShared":false,"ProjectShareOwnerName":null,"ProjectShareOwnerEmail":null,"IsShareApproved":false,"IsOwnProject":true,"LastSyncedDateTime":"\/Date(1760494549789)\/","LastUpdatedDate":"\/Date(1760494549150)\/","Deleted":false,"SyncClientCreationId":null}

